<?xml version="1.0" encoding="UTF-8"?><testsuite errors="0" failures="1" name="Login page scenarios" skipped="0" tests="1" time="3.1" timestamp="2018-02-02T16:26:38.778+05:30[Asia/Kolkata]"><testcase name="FTUX - Existing User login"><failure message="The page object class com.amaserenity.pages.LoginPage looks dodgy:&#10;Failed to instantiate page (java.lang.IllegalArgumentException: Can not set net.serenitybdd.core.pages.WebElementFacade field com.amaserenity.pages.LoginPage.emailAddress to org.openqa.selenium.remote.RemoteWebElement$$EnhancerByCGLIB$$d27c0df4)" type="net.thucydides.core.pages.WrongPageError">The page object class com.amaserenity.pages.LoginPage looks dodgy:
Failed to instantiate page (java.lang.IllegalArgumentException: Can not set net.serenitybdd.core.pages.WebElementFacade field com.amaserenity.pages.LoginPage.emailAddress to org.openqa.selenium.remote.RemoteWebElement$$EnhancerByCGLIB$$d27c0df4)</failure><system-err>The page object class com.amaserenity.pages.LoginPage looks dodgy:
Failed to instantiate page (java.lang.IllegalArgumentException: Can not set net.serenitybdd.core.pages.WebElementFacade field com.amaserenity.pages.LoginPage.emailAddress to org.openqa.selenium.remote.RemoteWebElement$$EnhancerByCGLIB$$d27c0df4)
cucumber.runner.Runner.runPickle(Runner.java:80)
✽.User is on login page(src/test/resources/features/login.feature:6)
</system-err></testcase></testsuite>